<?xml version="1.0" encoding="UTF-8"?>
<coverage generated="1632313733612" clover="3.2.0">
  <project timestamp="1632313733612" name="All files">
    <metrics statements="43" coveredstatements="40" conditionals="13" coveredconditionals="8" methods="16" coveredmethods="15" elements="72" coveredelements="63" complexity="0" loc="43" ncloc="43" packages="2" files="8" classes="8"/>
    <package name="api">
      <metrics statements="1" coveredstatements="1" conditionals="0" coveredconditionals="0" methods="0" coveredmethods="0"/>
      <file name="index.ts" path="/home/leonardo/Desktop/Projetos/projetoHitss/src/api/index.ts">
        <metrics statements="1" coveredstatements="1" conditionals="0" coveredconditionals="0" methods="0" coveredmethods="0"/>
        <line num="3" count="2" type="stmt"/>
      </file>
    </package>
    <package name="redux.characters">
      <metrics statements="42" coveredstatements="39" conditionals="13" coveredconditionals="8" methods="16" coveredmethods="15"/>
      <file name="actions.ts" path="/home/leonardo/Desktop/Projetos/projetoHitss/src/redux/characters/actions.ts">
        <metrics statements="5" coveredstatements="5" conditionals="1" coveredconditionals="1" methods="4" coveredmethods="4"/>
        <line num="3" count="3" type="stmt"/>
        <line num="4" count="4" type="stmt"/>
        <line num="8" count="3" type="cond" truecount="1" falsecount="0"/>
        <line num="14" count="4" type="stmt"/>
        <line num="26" count="3" type="stmt"/>
      </file>
      <file name="index.ts" path="/home/leonardo/Desktop/Projetos/projetoHitss/src/redux/characters/index.ts">
        <metrics statements="0" coveredstatements="0" conditionals="0" coveredconditionals="0" methods="0" coveredmethods="0"/>
      </file>
      <file name="reducer.ts" path="/home/leonardo/Desktop/Projetos/projetoHitss/src/redux/characters/reducer.ts">
        <metrics statements="17" coveredstatements="15" conditionals="3" coveredconditionals="2" methods="5" coveredmethods="4"/>
        <line num="10" count="1" type="stmt"/>
        <line num="19" count="1" type="stmt"/>
        <line num="25" count="1" type="stmt"/>
        <line num="26" count="1" type="stmt"/>
        <line num="30" count="1" type="stmt"/>
        <line num="38" count="1" type="stmt"/>
        <line num="41" count="0" type="stmt"/>
        <line num="43" count="0" type="stmt"/>
        <line num="53" count="1" type="stmt"/>
        <line num="54" count="1" type="stmt"/>
        <line num="56" count="1" type="stmt"/>
        <line num="63" count="1" type="stmt"/>
        <line num="70" count="1" type="stmt"/>
        <line num="74" count="4" type="stmt"/>
        <line num="76" count="4" type="cond" truecount="2" falsecount="0"/>
        <line num="77" count="3" type="stmt"/>
        <line num="80" count="1" type="stmt"/>
      </file>
      <file name="repository.ts" path="/home/leonardo/Desktop/Projetos/projetoHitss/src/redux/characters/repository.ts">
        <metrics statements="3" coveredstatements="3" conditionals="1" coveredconditionals="0" methods="1" coveredmethods="1"/>
        <line num="13" count="2" type="cond" truecount="0" falsecount="1"/>
        <line num="14" count="1" type="stmt"/>
        <line num="15" count="1" type="stmt"/>
      </file>
      <file name="sagas.ts" path="/home/leonardo/Desktop/Projetos/projetoHitss/src/redux/characters/sagas.ts">
        <metrics statements="9" coveredstatements="8" conditionals="8" coveredconditionals="5" methods="1" coveredmethods="1"/>
        <line num="9" count="1" type="stmt"/>
        <line num="10" count="1" type="stmt"/>
        <line num="13" count="1" type="stmt"/>
        <line num="15" count="1" type="cond" truecount="3" falsecount="1"/>
        <line num="16" count="1" type="cond" truecount="1" falsecount="1"/>
        <line num="17" count="1" type="cond" truecount="1" falsecount="1"/>
        <line num="18" count="1" type="stmt"/>
        <line num="19" count="1" type="stmt"/>
        <line num="28" count="0" type="stmt"/>
      </file>
      <file name="selectors.ts" path="/home/leonardo/Desktop/Projetos/projetoHitss/src/redux/characters/selectors.ts">
        <metrics statements="8" coveredstatements="8" conditionals="0" coveredconditionals="0" methods="5" coveredmethods="5"/>
        <line num="3" count="1" type="stmt"/>
        <line num="4" count="1" type="stmt"/>
        <line num="6" count="1" type="stmt"/>
        <line num="8" count="1" type="stmt"/>
        <line num="9" count="1" type="stmt"/>
        <line num="11" count="1" type="stmt"/>
        <line num="12" count="1" type="stmt"/>
        <line num="14" count="1" type="stmt"/>
      </file>
      <file name="types.ts" path="/home/leonardo/Desktop/Projetos/projetoHitss/src/redux/characters/types.ts">
        <metrics statements="0" coveredstatements="0" conditionals="0" coveredconditionals="0" methods="0" coveredmethods="0"/>
      </file>
    </package>
  </project>
</coverage>
