{"/home/leonardo/Desktop/Projetos/projetoHitss/src/api/index.ts": {"path":"/home/leonardo/Desktop/Projetos/projetoHitss/src/api/index.ts","statementMap":{"0":{"start":{"line":3,"column":16},"end":{"line":5,"column":2}}},"fnMap":{},"branchMap":{},"s":{"0":3},"f":{},"b":{},"_coverageSchema":"1a1c01bbd47fc00a2c39e90264f33305004495a9","hash":"ac5383364fc97a6462e08f0c4f6997ed1442c78d"}
,"/home/leonardo/Desktop/Projetos/projetoHitss/src/components/characterItem/index.tsx": {"path":"/home/leonardo/Desktop/Projetos/projetoHitss/src/components/characterItem/index.tsx","statementMap":{"0":{"start":{"line":17,"column":22},"end":{"line":40,"column":1}},"1":{"start":{"line":18,"column":2},"end":{"line":39,"column":4}}},"fnMap":{"0":{"name":"(anonymous_0)","decl":{"start":{"line":17,"column":22},"end":{"line":17,"column":23}},"loc":{"start":{"line":17,"column":40},"end":{"line":40,"column":1}},"line":17}},"branchMap":{"0":{"loc":{"start":{"line":20,"column":7},"end":{"line":37,"column":7}},"type":"cond-expr","locations":[{"start":{"line":21,"column":8},"end":{"line":26,"column":11}},{"start":{"line":28,"column":8},"end":{"line":36,"column":11}}],"line":20}},"s":{"0":1,"1":2},"f":{"0":2},"b":{"0":[2,0]},"_coverageSchema":"1a1c01bbd47fc00a2c39e90264f33305004495a9","hash":"4d7cb6ecfee1466e0ed5619484ba34f30e37b273"}
,"/home/leonardo/Desktop/Projetos/projetoHitss/src/components/characterItem/styles.ts": {"path":"/home/leonardo/Desktop/Projetos/projetoHitss/src/components/characterItem/styles.ts","statementMap":{"0":{"start":{"line":3,"column":25},"end":{"line":11,"column":1}},"1":{"start":{"line":17,"column":20},"end":{"line":23,"column":1}},"2":{"start":{"line":21,"column":20},"end":{"line":21,"column":31}},"3":{"start":{"line":25,"column":32},"end":{"line":28,"column":1}},"4":{"start":{"line":30,"column":29},"end":{"line":32,"column":1}}},"fnMap":{"0":{"name":"(anonymous_0)","decl":{"start":{"line":21,"column":11},"end":{"line":21,"column":12}},"loc":{"start":{"line":21,"column":20},"end":{"line":21,"column":31}},"line":21}},"branchMap":{},"s":{"0":1,"1":1,"2":2,"3":1,"4":1},"f":{"0":2},"b":{},"_coverageSchema":"1a1c01bbd47fc00a2c39e90264f33305004495a9","hash":"ff73ecbdee858a11233d4ff9e4c73735bd398116"}
,"/home/leonardo/Desktop/Projetos/projetoHitss/src/components/favoriteCharacterItem/styles.ts": {"path":"/home/leonardo/Desktop/Projetos/projetoHitss/src/components/favoriteCharacterItem/styles.ts","statementMap":{"0":{"start":{"line":3,"column":25},"end":{"line":11,"column":1}},"1":{"start":{"line":13,"column":20},"end":{"line":19,"column":1}},"2":{"start":{"line":21,"column":29},"end":{"line":23,"column":1}}},"fnMap":{},"branchMap":{},"s":{"0":1,"1":1,"2":1},"f":{},"b":{},"_coverageSchema":"1a1c01bbd47fc00a2c39e90264f33305004495a9","hash":"3d82bed222cfe7a4eefb96e27e92aa9364ccb527"}
,"/home/leonardo/Desktop/Projetos/projetoHitss/src/components/footer/styles.ts": {"path":"/home/leonardo/Desktop/Projetos/projetoHitss/src/components/footer/styles.ts","statementMap":{"0":{"start":{"line":3,"column":31},"end":{"line":9,"column":1}}},"fnMap":{},"branchMap":{},"s":{"0":1},"f":{},"b":{},"_coverageSchema":"1a1c01bbd47fc00a2c39e90264f33305004495a9","hash":"00e0347436fb8081503818bfb8a6929c4bae123d"}
,"/home/leonardo/Desktop/Projetos/projetoHitss/src/components/title/styles.ts": {"path":"/home/leonardo/Desktop/Projetos/projetoHitss/src/components/title/styles.ts","statementMap":{"0":{"start":{"line":3,"column":21},"end":{"line":10,"column":1}}},"fnMap":{},"branchMap":{},"s":{"0":1},"f":{},"b":{},"_coverageSchema":"1a1c01bbd47fc00a2c39e90264f33305004495a9","hash":"dc63c14f513291c8d9bfc6a797a6b307e469a89a"}
,"/home/leonardo/Desktop/Projetos/projetoHitss/src/redux/reducers.ts": {"path":"/home/leonardo/Desktop/Projetos/projetoHitss/src/redux/reducers.ts","statementMap":{"0":{"start":{"line":6,"column":27},"end":{"line":8,"column":2}}},"fnMap":{},"branchMap":{},"s":{"0":1},"f":{},"b":{},"_coverageSchema":"1a1c01bbd47fc00a2c39e90264f33305004495a9","hash":"196cb2435487b729cedc1a2ab506964babc74854"}
,"/home/leonardo/Desktop/Projetos/projetoHitss/src/redux/rootSagas.ts": {"path":"/home/leonardo/Desktop/Projetos/projetoHitss/src/redux/rootSagas.ts","statementMap":{"0":{"start":{"line":6,"column":2},"end":{"line":6,"column":24}}},"fnMap":{"0":{"name":"rootSagas","decl":{"start":{"line":5,"column":17},"end":{"line":5,"column":26}},"loc":{"start":{"line":5,"column":29},"end":{"line":7,"column":1}},"line":5}},"branchMap":{},"s":{"0":1},"f":{"0":1},"b":{},"_coverageSchema":"1a1c01bbd47fc00a2c39e90264f33305004495a9","hash":"a98978fcfb86c6568e26bd76530592dbb67ff2db"}
,"/home/leonardo/Desktop/Projetos/projetoHitss/src/redux/store.tsx": {"path":"/home/leonardo/Desktop/Projetos/projetoHitss/src/redux/store.tsx","statementMap":{"0":{"start":{"line":10,"column":22},"end":{"line":13,"column":1}},"1":{"start":{"line":15,"column":30},"end":{"line":31,"column":1}},"2":{"start":{"line":16,"column":27},"end":{"line":16,"column":69}},"3":{"start":{"line":18,"column":25},"end":{"line":18,"column":47}},"4":{"start":{"line":20,"column":34},"end":{"line":24,"column":3}},"5":{"start":{"line":26,"column":2},"end":{"line":26,"column":32}},"6":{"start":{"line":28,"column":20},"end":{"line":28,"column":39}},"7":{"start":{"line":30,"column":2},"end":{"line":30,"column":28}}},"fnMap":{"0":{"name":"(anonymous_0)","decl":{"start":{"line":15,"column":30},"end":{"line":15,"column":31}},"loc":{"start":{"line":15,"column":74},"end":{"line":31,"column":1}},"line":15}},"branchMap":{},"s":{"0":1,"1":1,"2":1,"3":1,"4":1,"5":1,"6":1,"7":1},"f":{"0":1},"b":{},"_coverageSchema":"1a1c01bbd47fc00a2c39e90264f33305004495a9","hash":"0c572381298336f90fa73bfc05e1cf19ec5d19c3"}
,"/home/leonardo/Desktop/Projetos/projetoHitss/src/redux/characters/actions.ts": {"path":"/home/leonardo/Desktop/Projetos/projetoHitss/src/redux/characters/actions.ts","statementMap":{"0":{"start":{"line":8,"column":16},"end":{"line":43,"column":1}},"1":{"start":{"line":9,"column":72},"end":{"line":12,"column":3}},"2":{"start":{"line":13,"column":49},"end":{"line":16,"column":3}},"3":{"start":{"line":19,"column":63},"end":{"line":22,"column":3}},"4":{"start":{"line":31,"column":9},"end":{"line":34,"column":3}},"5":{"start":{"line":39,"column":9},"end":{"line":42,"column":3}}},"fnMap":{"0":{"name":"(anonymous_0)","decl":{"start":{"line":9,"column":12},"end":{"line":9,"column":13}},"loc":{"start":{"line":9,"column":72},"end":{"line":12,"column":3}},"line":9},"1":{"name":"(anonymous_1)","decl":{"start":{"line":13,"column":21},"end":{"line":13,"column":22}},"loc":{"start":{"line":13,"column":49},"end":{"line":16,"column":3}},"line":13},"2":{"name":"(anonymous_2)","decl":{"start":{"line":17,"column":21},"end":{"line":17,"column":22}},"loc":{"start":{"line":19,"column":63},"end":{"line":22,"column":3}},"line":19},"3":{"name":"(anonymous_3)","decl":{"start":{"line":23,"column":15},"end":{"line":23,"column":16}},"loc":{"start":{"line":31,"column":9},"end":{"line":34,"column":3}},"line":31},"4":{"name":"(anonymous_4)","decl":{"start":{"line":35,"column":15},"end":{"line":35,"column":16}},"loc":{"start":{"line":39,"column":9},"end":{"line":42,"column":3}},"line":39}},"branchMap":{"0":{"loc":{"start":{"line":13,"column":22},"end":{"line":13,"column":43}},"type":"default-arg","locations":[{"start":{"line":13,"column":40},"end":{"line":13,"column":43}}],"line":13}},"s":{"0":4,"1":4,"2":3,"3":4,"4":4,"5":1},"f":{"0":4,"1":3,"2":4,"3":4,"4":1},"b":{"0":[3]},"_coverageSchema":"1a1c01bbd47fc00a2c39e90264f33305004495a9","hash":"85a0009b1a30f6ff6dd5cbf8da2196e077c7b440"}
,"/home/leonardo/Desktop/Projetos/projetoHitss/src/redux/characters/index.ts": {"path":"/home/leonardo/Desktop/Projetos/projetoHitss/src/redux/characters/index.ts","statementMap":{},"fnMap":{},"branchMap":{},"s":{},"f":{},"b":{},"_coverageSchema":"1a1c01bbd47fc00a2c39e90264f33305004495a9","hash":"1e40e0a6a77f12a715533cedb5e1bef705e07e9f"}
,"/home/leonardo/Desktop/Projetos/projetoHitss/src/redux/characters/reducer.ts": {"path":"/home/leonardo/Desktop/Projetos/projetoHitss/src/redux/characters/reducer.ts","statementMap":{"0":{"start":{"line":11,"column":41},"end":{"line":19,"column":1}},"1":{"start":{"line":21,"column":48},"end":{"line":25,"column":2}},"2":{"start":{"line":21,"column":58},"end":{"line":25,"column":1}},"3":{"start":{"line":27,"column":48},"end":{"line":38,"column":1}},"4":{"start":{"line":28,"column":20},"end":{"line":30,"column":3}},"5":{"start":{"line":32,"column":2},"end":{"line":37,"column":4}},"6":{"start":{"line":40,"column":36},"end":{"line":40,"column":38}},"7":{"start":{"line":42,"column":42},"end":{"line":63,"column":1}},"8":{"start":{"line":43,"column":20},"end":{"line":45,"column":3}},"9":{"start":{"line":47,"column":14},"end":{"line":49,"column":3}},"10":{"start":{"line":48,"column":17},"end":{"line":48,"column":58}},"11":{"start":{"line":51,"column":2},"end":{"line":55,"column":3}},"12":{"start":{"line":52,"column":4},"end":{"line":52,"column":43}},"13":{"start":{"line":54,"column":4},"end":{"line":54,"column":36}},"14":{"start":{"line":57,"column":2},"end":{"line":62,"column":4}},"15":{"start":{"line":65,"column":42},"end":{"line":78,"column":1}},"16":{"start":{"line":68,"column":6},"end":{"line":68,"column":67}},"17":{"start":{"line":70,"column":2},"end":{"line":77,"column":4}},"18":{"start":{"line":80,"column":39},"end":{"line":88,"column":1}},"19":{"start":{"line":81,"column":20},"end":{"line":81,"column":78}},"20":{"start":{"line":83,"column":2},"end":{"line":87,"column":4}},"21":{"start":{"line":90,"column":25},"end":{"line":96,"column":2}},"22":{"start":{"line":98,"column":16},"end":{"line":109,"column":1}},"23":{"start":{"line":102,"column":31},"end":{"line":102,"column":64}},"24":{"start":{"line":104,"column":2},"end":{"line":106,"column":3}},"25":{"start":{"line":105,"column":4},"end":{"line":105,"column":47}},"26":{"start":{"line":108,"column":2},"end":{"line":108,"column":15}}},"fnMap":{"0":{"name":"(anonymous_0)","decl":{"start":{"line":21,"column":48},"end":{"line":21,"column":49}},"loc":{"start":{"line":21,"column":58},"end":{"line":25,"column":1}},"line":21},"1":{"name":"(anonymous_1)","decl":{"start":{"line":27,"column":48},"end":{"line":27,"column":49}},"loc":{"start":{"line":27,"column":67},"end":{"line":38,"column":1}},"line":27},"2":{"name":"(anonymous_2)","decl":{"start":{"line":42,"column":42},"end":{"line":42,"column":43}},"loc":{"start":{"line":42,"column":61},"end":{"line":63,"column":1}},"line":42},"3":{"name":"(anonymous_3)","decl":{"start":{"line":48,"column":4},"end":{"line":48,"column":5}},"loc":{"start":{"line":48,"column":17},"end":{"line":48,"column":58}},"line":48},"4":{"name":"(anonymous_4)","decl":{"start":{"line":65,"column":42},"end":{"line":65,"column":43}},"loc":{"start":{"line":65,"column":61},"end":{"line":78,"column":1}},"line":65},"5":{"name":"(anonymous_5)","decl":{"start":{"line":80,"column":39},"end":{"line":80,"column":40}},"loc":{"start":{"line":80,"column":58},"end":{"line":88,"column":1}},"line":80},"6":{"name":"(anonymous_6)","decl":{"start":{"line":98,"column":16},"end":{"line":98,"column":17}},"loc":{"start":{"line":101,"column":25},"end":{"line":109,"column":1}},"line":101}},"branchMap":{"0":{"loc":{"start":{"line":51,"column":2},"end":{"line":55,"column":3}},"type":"if","locations":[{"start":{"line":51,"column":2},"end":{"line":55,"column":3}},{"start":{"line":51,"column":2},"end":{"line":55,"column":3}}],"line":51},"1":{"loc":{"start":{"line":99,"column":2},"end":{"line":99,"column":42}},"type":"default-arg","locations":[{"start":{"line":99,"column":30},"end":{"line":99,"column":42}}],"line":99},"2":{"loc":{"start":{"line":104,"column":2},"end":{"line":106,"column":3}},"type":"if","locations":[{"start":{"line":104,"column":2},"end":{"line":106,"column":3}},{"start":{"line":104,"column":2},"end":{"line":106,"column":3}}],"line":104}},"s":{"0":2,"1":2,"2":1,"3":2,"4":1,"5":1,"6":2,"7":2,"8":0,"9":0,"10":0,"11":0,"12":0,"13":0,"14":0,"15":2,"16":1,"17":1,"18":2,"19":1,"20":1,"21":2,"22":2,"23":8,"24":8,"25":4,"26":4},"f":{"0":1,"1":1,"2":0,"3":0,"4":1,"5":1,"6":8},"b":{"0":[0,0],"1":[3],"2":[4,4]},"_coverageSchema":"1a1c01bbd47fc00a2c39e90264f33305004495a9","hash":"ca742357d149354f8451157a742c8d0e0b2b4f87"}
,"/home/leonardo/Desktop/Projetos/projetoHitss/src/redux/characters/repository.ts": {"path":"/home/leonardo/Desktop/Projetos/projetoHitss/src/redux/characters/repository.ts","statementMap":{"0":{"start":{"line":11,"column":26},"end":{"line":14,"column":1}},"1":{"start":{"line":12,"column":19},"end":{"line":12,"column":75}},"2":{"start":{"line":13,"column":2},"end":{"line":13,"column":23}}},"fnMap":{"0":{"name":"(anonymous_0)","decl":{"start":{"line":11,"column":26},"end":{"line":11,"column":27}},"loc":{"start":{"line":11,"column":56},"end":{"line":14,"column":1}},"line":11}},"branchMap":{"0":{"loc":{"start":{"line":11,"column":33},"end":{"line":11,"column":51}},"type":"default-arg","locations":[{"start":{"line":11,"column":48},"end":{"line":11,"column":51}}],"line":11}},"s":{"0":3,"1":1,"2":1},"f":{"0":1},"b":{"0":[0]},"_coverageSchema":"1a1c01bbd47fc00a2c39e90264f33305004495a9","hash":"d0412de7eac5f1cd6b74dc7328ea78390637fbe4"}
,"/home/leonardo/Desktop/Projetos/projetoHitss/src/redux/characters/sagas.ts": {"path":"/home/leonardo/Desktop/Projetos/projetoHitss/src/redux/characters/sagas.ts","statementMap":{"0":{"start":{"line":9,"column":2},"end":{"line":31,"column":3}},"1":{"start":{"line":10,"column":4},"end":{"line":10,"column":47}},"2":{"start":{"line":13,"column":6},"end":{"line":13,"column":62}},"3":{"start":{"line":15,"column":4},"end":{"line":28,"column":5}},"4":{"start":{"line":16,"column":33},"end":{"line":16,"column":67}},"5":{"start":{"line":17,"column":29},"end":{"line":17,"column":58}},"6":{"start":{"line":19,"column":6},"end":{"line":19,"column":65}},"7":{"start":{"line":21,"column":6},"end":{"line":27,"column":8}},"8":{"start":{"line":30,"column":4},"end":{"line":30,"column":58}}},"fnMap":{"0":{"name":"requestCharacters","decl":{"start":{"line":6,"column":17},"end":{"line":6,"column":34}},"loc":{"start":{"line":8,"column":2},"end":{"line":32,"column":1}},"line":8}},"branchMap":{"0":{"loc":{"start":{"line":15,"column":4},"end":{"line":28,"column":5}},"type":"if","locations":[{"start":{"line":15,"column":4},"end":{"line":28,"column":5}},{"start":{"line":15,"column":4},"end":{"line":28,"column":5}}],"line":15},"1":{"loc":{"start":{"line":15,"column":8},"end":{"line":15,"column":23}},"type":"binary-expr","locations":[{"start":{"line":15,"column":8},"end":{"line":15,"column":15}},{"start":{"line":15,"column":19},"end":{"line":15,"column":23}}],"line":15},"2":{"loc":{"start":{"line":16,"column":33},"end":{"line":16,"column":67}},"type":"binary-expr","locations":[{"start":{"line":16,"column":33},"end":{"line":16,"column":61}},{"start":{"line":16,"column":65},"end":{"line":16,"column":67}}],"line":16},"3":{"loc":{"start":{"line":17,"column":29},"end":{"line":17,"column":58}},"type":"binary-expr","locations":[{"start":{"line":17,"column":29},"end":{"line":17,"column":52}},{"start":{"line":17,"column":56},"end":{"line":17,"column":58}}],"line":17}},"s":{"0":1,"1":1,"2":1,"3":1,"4":1,"5":1,"6":1,"7":1,"8":0},"f":{"0":1},"b":{"0":[1,0],"1":[1,1],"2":[1,0],"3":[1,0]},"_coverageSchema":"1a1c01bbd47fc00a2c39e90264f33305004495a9","hash":"8b99aa42e75d77e1ad834d27475fc2b2bbc4bab3"}
,"/home/leonardo/Desktop/Projetos/projetoHitss/src/redux/characters/selectors.ts": {"path":"/home/leonardo/Desktop/Projetos/projetoHitss/src/redux/characters/selectors.ts","statementMap":{"0":{"start":{"line":3,"column":32},"end":{"line":4,"column":39}},"1":{"start":{"line":4,"column":2},"end":{"line":4,"column":39}},"2":{"start":{"line":6,"column":41},"end":{"line":7,"column":43}},"3":{"start":{"line":7,"column":2},"end":{"line":7,"column":43}},"4":{"start":{"line":9,"column":27},"end":{"line":9,"column":76}},"5":{"start":{"line":9,"column":49},"end":{"line":9,"column":76}},"6":{"start":{"line":11,"column":31},"end":{"line":12,"column":33}},"7":{"start":{"line":12,"column":2},"end":{"line":12,"column":33}},"8":{"start":{"line":14,"column":34},"end":{"line":15,"column":30}},"9":{"start":{"line":15,"column":2},"end":{"line":15,"column":30}},"10":{"start":{"line":17,"column":25},"end":{"line":17,"column":79}},"11":{"start":{"line":17,"column":47},"end":{"line":17,"column":79}}},"fnMap":{"0":{"name":"(anonymous_0)","decl":{"start":{"line":3,"column":32},"end":{"line":3,"column":33}},"loc":{"start":{"line":4,"column":2},"end":{"line":4,"column":39}},"line":4},"1":{"name":"(anonymous_1)","decl":{"start":{"line":6,"column":41},"end":{"line":6,"column":42}},"loc":{"start":{"line":7,"column":2},"end":{"line":7,"column":43}},"line":7},"2":{"name":"(anonymous_2)","decl":{"start":{"line":9,"column":27},"end":{"line":9,"column":28}},"loc":{"start":{"line":9,"column":49},"end":{"line":9,"column":76}},"line":9},"3":{"name":"(anonymous_3)","decl":{"start":{"line":11,"column":31},"end":{"line":11,"column":32}},"loc":{"start":{"line":12,"column":2},"end":{"line":12,"column":33}},"line":12},"4":{"name":"(anonymous_4)","decl":{"start":{"line":14,"column":34},"end":{"line":14,"column":35}},"loc":{"start":{"line":15,"column":2},"end":{"line":15,"column":30}},"line":15},"5":{"name":"(anonymous_5)","decl":{"start":{"line":17,"column":25},"end":{"line":17,"column":26}},"loc":{"start":{"line":17,"column":47},"end":{"line":17,"column":79}},"line":17}},"branchMap":{},"s":{"0":1,"1":1,"2":1,"3":1,"4":1,"5":1,"6":1,"7":1,"8":1,"9":1,"10":1,"11":1},"f":{"0":1,"1":1,"2":1,"3":1,"4":1,"5":1},"b":{},"_coverageSchema":"1a1c01bbd47fc00a2c39e90264f33305004495a9","hash":"aa1a2ccf504a820faa345a932ef48b6f5ce2ae91"}
,"/home/leonardo/Desktop/Projetos/projetoHitss/src/redux/characters/types.ts": {"path":"/home/leonardo/Desktop/Projetos/projetoHitss/src/redux/characters/types.ts","statementMap":{},"fnMap":{},"branchMap":{},"s":{},"f":{},"b":{},"_coverageSchema":"1a1c01bbd47fc00a2c39e90264f33305004495a9","hash":"2e7b7f5a64d9f74847cdac22a904f5924b9b2e28"}
}
