{"/home/leonardo/Desktop/Projetos/projetoHitss/src/api/index.ts": {"path":"/home/leonardo/Desktop/Projetos/projetoHitss/src/api/index.ts","statementMap":{"0":{"start":{"line":3,"column":16},"end":{"line":5,"column":2}}},"fnMap":{},"branchMap":{},"s":{"0":3},"f":{},"b":{},"_coverageSchema":"1a1c01bbd47fc00a2c39e90264f33305004495a9","hash":"ac5383364fc97a6462e08f0c4f6997ed1442c78d"}
,"/home/leonardo/Desktop/Projetos/projetoHitss/src/redux/reducers.ts": {"path":"/home/leonardo/Desktop/Projetos/projetoHitss/src/redux/reducers.ts","statementMap":{"0":{"start":{"line":6,"column":27},"end":{"line":8,"column":2}}},"fnMap":{},"branchMap":{},"s":{"0":1},"f":{},"b":{},"_coverageSchema":"1a1c01bbd47fc00a2c39e90264f33305004495a9","hash":"196cb2435487b729cedc1a2ab506964babc74854"}
,"/home/leonardo/Desktop/Projetos/projetoHitss/src/redux/rootSagas.ts": {"path":"/home/leonardo/Desktop/Projetos/projetoHitss/src/redux/rootSagas.ts","statementMap":{"0":{"start":{"line":6,"column":2},"end":{"line":6,"column":24}}},"fnMap":{"0":{"name":"rootSagas","decl":{"start":{"line":5,"column":17},"end":{"line":5,"column":26}},"loc":{"start":{"line":5,"column":29},"end":{"line":7,"column":1}},"line":5}},"branchMap":{},"s":{"0":1},"f":{"0":1},"b":{},"_coverageSchema":"1a1c01bbd47fc00a2c39e90264f33305004495a9","hash":"a98978fcfb86c6568e26bd76530592dbb67ff2db"}
,"/home/leonardo/Desktop/Projetos/projetoHitss/src/redux/store.tsx": {"path":"/home/leonardo/Desktop/Projetos/projetoHitss/src/redux/store.tsx","statementMap":{"0":{"start":{"line":10,"column":22},"end":{"line":13,"column":1}},"1":{"start":{"line":15,"column":30},"end":{"line":31,"column":1}},"2":{"start":{"line":16,"column":27},"end":{"line":16,"column":69}},"3":{"start":{"line":18,"column":25},"end":{"line":18,"column":47}},"4":{"start":{"line":20,"column":34},"end":{"line":24,"column":3}},"5":{"start":{"line":26,"column":2},"end":{"line":26,"column":32}},"6":{"start":{"line":28,"column":20},"end":{"line":28,"column":39}},"7":{"start":{"line":30,"column":2},"end":{"line":30,"column":28}}},"fnMap":{"0":{"name":"(anonymous_0)","decl":{"start":{"line":15,"column":30},"end":{"line":15,"column":31}},"loc":{"start":{"line":15,"column":74},"end":{"line":31,"column":1}},"line":15}},"branchMap":{},"s":{"0":1,"1":1,"2":1,"3":1,"4":1,"5":1,"6":1,"7":1},"f":{"0":1},"b":{},"_coverageSchema":"1a1c01bbd47fc00a2c39e90264f33305004495a9","hash":"0c572381298336f90fa73bfc05e1cf19ec5d19c3"}
,"/home/leonardo/Desktop/Projetos/projetoHitss/src/redux/characters/actions.ts": {"path":"/home/leonardo/Desktop/Projetos/projetoHitss/src/redux/characters/actions.ts","statementMap":{"0":{"start":{"line":3,"column":16},"end":{"line":35,"column":1}},"1":{"start":{"line":4,"column":72},"end":{"line":7,"column":3}},"2":{"start":{"line":8,"column":49},"end":{"line":11,"column":3}},"3":{"start":{"line":14,"column":63},"end":{"line":17,"column":3}},"4":{"start":{"line":26,"column":9},"end":{"line":29,"column":3}}},"fnMap":{"0":{"name":"(anonymous_0)","decl":{"start":{"line":4,"column":12},"end":{"line":4,"column":13}},"loc":{"start":{"line":4,"column":72},"end":{"line":7,"column":3}},"line":4},"1":{"name":"(anonymous_1)","decl":{"start":{"line":8,"column":21},"end":{"line":8,"column":22}},"loc":{"start":{"line":8,"column":49},"end":{"line":11,"column":3}},"line":8},"2":{"name":"(anonymous_2)","decl":{"start":{"line":12,"column":21},"end":{"line":12,"column":22}},"loc":{"start":{"line":14,"column":63},"end":{"line":17,"column":3}},"line":14},"3":{"name":"(anonymous_3)","decl":{"start":{"line":18,"column":15},"end":{"line":18,"column":16}},"loc":{"start":{"line":26,"column":9},"end":{"line":29,"column":3}},"line":26}},"branchMap":{"0":{"loc":{"start":{"line":8,"column":22},"end":{"line":8,"column":43}},"type":"default-arg","locations":[{"start":{"line":8,"column":40},"end":{"line":8,"column":43}}],"line":8}},"s":{"0":4,"1":4,"2":3,"3":4,"4":3},"f":{"0":4,"1":3,"2":4,"3":3},"b":{"0":[3]},"_coverageSchema":"1a1c01bbd47fc00a2c39e90264f33305004495a9","hash":"7912b9d8ccfc9b135e453d37f868aef082e0b675"}
,"/home/leonardo/Desktop/Projetos/projetoHitss/src/redux/characters/index.ts": {"path":"/home/leonardo/Desktop/Projetos/projetoHitss/src/redux/characters/index.ts","statementMap":{},"fnMap":{},"branchMap":{},"s":{},"f":{},"b":{},"_coverageSchema":"1a1c01bbd47fc00a2c39e90264f33305004495a9","hash":"1e40e0a6a77f12a715533cedb5e1bef705e07e9f"}
,"/home/leonardo/Desktop/Projetos/projetoHitss/src/redux/characters/reducer.ts": {"path":"/home/leonardo/Desktop/Projetos/projetoHitss/src/redux/characters/reducer.ts","statementMap":{"0":{"start":{"line":10,"column":41},"end":{"line":17,"column":1}},"1":{"start":{"line":19,"column":48},"end":{"line":23,"column":2}},"2":{"start":{"line":19,"column":58},"end":{"line":23,"column":1}},"3":{"start":{"line":25,"column":48},"end":{"line":36,"column":1}},"4":{"start":{"line":26,"column":20},"end":{"line":28,"column":3}},"5":{"start":{"line":30,"column":2},"end":{"line":35,"column":4}},"6":{"start":{"line":38,"column":42},"end":{"line":51,"column":1}},"7":{"start":{"line":41,"column":6},"end":{"line":41,"column":67}},"8":{"start":{"line":43,"column":2},"end":{"line":50,"column":4}},"9":{"start":{"line":53,"column":39},"end":{"line":61,"column":1}},"10":{"start":{"line":54,"column":20},"end":{"line":54,"column":78}},"11":{"start":{"line":56,"column":2},"end":{"line":60,"column":4}},"12":{"start":{"line":63,"column":25},"end":{"line":68,"column":2}},"13":{"start":{"line":70,"column":16},"end":{"line":81,"column":1}},"14":{"start":{"line":74,"column":31},"end":{"line":74,"column":64}},"15":{"start":{"line":76,"column":2},"end":{"line":78,"column":3}},"16":{"start":{"line":77,"column":4},"end":{"line":77,"column":47}},"17":{"start":{"line":80,"column":2},"end":{"line":80,"column":15}}},"fnMap":{"0":{"name":"(anonymous_0)","decl":{"start":{"line":19,"column":48},"end":{"line":19,"column":49}},"loc":{"start":{"line":19,"column":58},"end":{"line":23,"column":1}},"line":19},"1":{"name":"(anonymous_1)","decl":{"start":{"line":25,"column":48},"end":{"line":25,"column":49}},"loc":{"start":{"line":25,"column":67},"end":{"line":36,"column":1}},"line":25},"2":{"name":"(anonymous_2)","decl":{"start":{"line":38,"column":42},"end":{"line":38,"column":43}},"loc":{"start":{"line":38,"column":61},"end":{"line":51,"column":1}},"line":38},"3":{"name":"(anonymous_3)","decl":{"start":{"line":53,"column":39},"end":{"line":53,"column":40}},"loc":{"start":{"line":53,"column":58},"end":{"line":61,"column":1}},"line":53},"4":{"name":"(anonymous_4)","decl":{"start":{"line":70,"column":16},"end":{"line":70,"column":17}},"loc":{"start":{"line":73,"column":25},"end":{"line":81,"column":1}},"line":73}},"branchMap":{"0":{"loc":{"start":{"line":71,"column":2},"end":{"line":71,"column":42}},"type":"default-arg","locations":[{"start":{"line":71,"column":30},"end":{"line":71,"column":42}}],"line":71},"1":{"loc":{"start":{"line":76,"column":2},"end":{"line":78,"column":3}},"type":"if","locations":[{"start":{"line":76,"column":2},"end":{"line":78,"column":3}},{"start":{"line":76,"column":2},"end":{"line":78,"column":3}}],"line":76}},"s":{"0":2,"1":2,"2":1,"3":2,"4":1,"5":1,"6":2,"7":0,"8":0,"9":2,"10":1,"11":1,"12":2,"13":2,"14":7,"15":7,"16":3,"17":4},"f":{"0":1,"1":1,"2":0,"3":1,"4":7},"b":{"0":[3],"1":[3,4]},"_coverageSchema":"1a1c01bbd47fc00a2c39e90264f33305004495a9","hash":"b7fb701c5c66a81d19602e2a0fb3097a9ccdbfb7"}
,"/home/leonardo/Desktop/Projetos/projetoHitss/src/redux/characters/repository.ts": {"path":"/home/leonardo/Desktop/Projetos/projetoHitss/src/redux/characters/repository.ts","statementMap":{"0":{"start":{"line":13,"column":26},"end":{"line":16,"column":1}},"1":{"start":{"line":14,"column":19},"end":{"line":14,"column":75}},"2":{"start":{"line":15,"column":2},"end":{"line":15,"column":23}}},"fnMap":{"0":{"name":"(anonymous_0)","decl":{"start":{"line":13,"column":26},"end":{"line":13,"column":27}},"loc":{"start":{"line":13,"column":56},"end":{"line":16,"column":1}},"line":13}},"branchMap":{"0":{"loc":{"start":{"line":13,"column":33},"end":{"line":13,"column":51}},"type":"default-arg","locations":[{"start":{"line":13,"column":48},"end":{"line":13,"column":51}}],"line":13}},"s":{"0":3,"1":1,"2":1},"f":{"0":1},"b":{"0":[0]},"_coverageSchema":"1a1c01bbd47fc00a2c39e90264f33305004495a9","hash":"a869f92074bb4a6ab1d2175d9acc1a848823e0eb"}
,"/home/leonardo/Desktop/Projetos/projetoHitss/src/redux/characters/sagas.ts": {"path":"/home/leonardo/Desktop/Projetos/projetoHitss/src/redux/characters/sagas.ts","statementMap":{"0":{"start":{"line":9,"column":2},"end":{"line":29,"column":3}},"1":{"start":{"line":10,"column":4},"end":{"line":10,"column":47}},"2":{"start":{"line":13,"column":6},"end":{"line":13,"column":62}},"3":{"start":{"line":15,"column":4},"end":{"line":26,"column":5}},"4":{"start":{"line":16,"column":33},"end":{"line":16,"column":67}},"5":{"start":{"line":17,"column":29},"end":{"line":17,"column":58}},"6":{"start":{"line":18,"column":6},"end":{"line":18,"column":65}},"7":{"start":{"line":19,"column":6},"end":{"line":25,"column":8}},"8":{"start":{"line":28,"column":4},"end":{"line":28,"column":58}}},"fnMap":{"0":{"name":"requestCharacters","decl":{"start":{"line":6,"column":17},"end":{"line":6,"column":34}},"loc":{"start":{"line":8,"column":2},"end":{"line":30,"column":1}},"line":8}},"branchMap":{"0":{"loc":{"start":{"line":15,"column":4},"end":{"line":26,"column":5}},"type":"if","locations":[{"start":{"line":15,"column":4},"end":{"line":26,"column":5}},{"start":{"line":15,"column":4},"end":{"line":26,"column":5}}],"line":15},"1":{"loc":{"start":{"line":15,"column":8},"end":{"line":15,"column":23}},"type":"binary-expr","locations":[{"start":{"line":15,"column":8},"end":{"line":15,"column":15}},{"start":{"line":15,"column":19},"end":{"line":15,"column":23}}],"line":15},"2":{"loc":{"start":{"line":16,"column":33},"end":{"line":16,"column":67}},"type":"binary-expr","locations":[{"start":{"line":16,"column":33},"end":{"line":16,"column":61}},{"start":{"line":16,"column":65},"end":{"line":16,"column":67}}],"line":16},"3":{"loc":{"start":{"line":17,"column":29},"end":{"line":17,"column":58}},"type":"binary-expr","locations":[{"start":{"line":17,"column":29},"end":{"line":17,"column":52}},{"start":{"line":17,"column":56},"end":{"line":17,"column":58}}],"line":17}},"s":{"0":1,"1":1,"2":1,"3":1,"4":1,"5":1,"6":1,"7":1,"8":0},"f":{"0":1},"b":{"0":[1,0],"1":[1,1],"2":[1,0],"3":[1,0]},"_coverageSchema":"1a1c01bbd47fc00a2c39e90264f33305004495a9","hash":"4747f453ae9d26011a2856ff84291e64b134a5ba"}
,"/home/leonardo/Desktop/Projetos/projetoHitss/src/redux/characters/selectors.ts": {"path":"/home/leonardo/Desktop/Projetos/projetoHitss/src/redux/characters/selectors.ts","statementMap":{"0":{"start":{"line":3,"column":32},"end":{"line":4,"column":39}},"1":{"start":{"line":4,"column":2},"end":{"line":4,"column":39}},"2":{"start":{"line":6,"column":27},"end":{"line":6,"column":76}},"3":{"start":{"line":6,"column":49},"end":{"line":6,"column":76}},"4":{"start":{"line":8,"column":31},"end":{"line":9,"column":33}},"5":{"start":{"line":9,"column":2},"end":{"line":9,"column":33}},"6":{"start":{"line":11,"column":34},"end":{"line":12,"column":30}},"7":{"start":{"line":12,"column":2},"end":{"line":12,"column":30}},"8":{"start":{"line":14,"column":25},"end":{"line":14,"column":79}},"9":{"start":{"line":14,"column":47},"end":{"line":14,"column":79}}},"fnMap":{"0":{"name":"(anonymous_0)","decl":{"start":{"line":3,"column":32},"end":{"line":3,"column":33}},"loc":{"start":{"line":4,"column":2},"end":{"line":4,"column":39}},"line":4},"1":{"name":"(anonymous_1)","decl":{"start":{"line":6,"column":27},"end":{"line":6,"column":28}},"loc":{"start":{"line":6,"column":49},"end":{"line":6,"column":76}},"line":6},"2":{"name":"(anonymous_2)","decl":{"start":{"line":8,"column":31},"end":{"line":8,"column":32}},"loc":{"start":{"line":9,"column":2},"end":{"line":9,"column":33}},"line":9},"3":{"name":"(anonymous_3)","decl":{"start":{"line":11,"column":34},"end":{"line":11,"column":35}},"loc":{"start":{"line":12,"column":2},"end":{"line":12,"column":30}},"line":12},"4":{"name":"(anonymous_4)","decl":{"start":{"line":14,"column":25},"end":{"line":14,"column":26}},"loc":{"start":{"line":14,"column":47},"end":{"line":14,"column":79}},"line":14}},"branchMap":{},"s":{"0":1,"1":1,"2":1,"3":1,"4":1,"5":1,"6":1,"7":1,"8":1,"9":1},"f":{"0":1,"1":1,"2":1,"3":1,"4":1},"b":{},"_coverageSchema":"1a1c01bbd47fc00a2c39e90264f33305004495a9","hash":"89cbb49c9aa8e8c766b96ff56f1d294cfee23db6"}
,"/home/leonardo/Desktop/Projetos/projetoHitss/src/redux/characters/types.ts": {"path":"/home/leonardo/Desktop/Projetos/projetoHitss/src/redux/characters/types.ts","statementMap":{},"fnMap":{},"branchMap":{},"s":{},"f":{},"b":{},"_coverageSchema":"1a1c01bbd47fc00a2c39e90264f33305004495a9","hash":"2e7b7f5a64d9f74847cdac22a904f5924b9b2e28"}
}
