TN:
SF:src/api/index.ts
FNF:0
FNH:0
DA:3,3
LF:1
LH:1
BRF:0
BRH:0
end_of_record
TN:
SF:src/redux/reducers.ts
FNF:0
FNH:0
DA:6,1
LF:1
LH:1
BRF:0
BRH:0
end_of_record
TN:
SF:src/redux/rootSagas.ts
FN:5,rootSagas
FNF:1
FNH:1
FNDA:1,rootSagas
DA:6,1
LF:1
LH:1
BRF:0
BRH:0
end_of_record
TN:
SF:src/redux/store.tsx
FN:15,(anonymous_0)
FNF:1
FNH:1
FNDA:1,(anonymous_0)
DA:10,1
DA:15,1
DA:16,1
DA:18,1
DA:20,1
DA:26,1
DA:28,1
DA:30,1
LF:8
LH:8
BRF:0
BRH:0
end_of_record
TN:
SF:src/redux/characters/actions.ts
FN:9,(anonymous_0)
FN:13,(anonymous_1)
FN:17,(anonymous_2)
FN:23,(anonymous_3)
FN:35,(anonymous_4)
FNF:5
FNH:4
FNDA:4,(anonymous_0)
FNDA:3,(anonymous_1)
FNDA:4,(anonymous_2)
FNDA:3,(anonymous_3)
FNDA:0,(anonymous_4)
DA:8,4
DA:9,4
DA:13,3
DA:19,4
DA:31,3
DA:39,0
LF:6
LH:5
BRDA:13,0,0,3
BRF:1
BRH:1
end_of_record
TN:
SF:src/redux/characters/index.ts
FNF:0
FNH:0
LF:0
LH:0
BRF:0
BRH:0
end_of_record
TN:
SF:src/redux/characters/reducer.ts
FN:23,(anonymous_0)
FN:29,(anonymous_1)
FN:44,(anonymous_2)
FN:50,(anonymous_3)
FN:67,(anonymous_4)
FN:82,(anonymous_5)
FN:100,(anonymous_6)
FNF:7
FNH:4
FNDA:1,(anonymous_0)
FNDA:1,(anonymous_1)
FNDA:0,(anonymous_2)
FNDA:0,(anonymous_3)
FNDA:0,(anonymous_4)
FNDA:1,(anonymous_5)
FNDA:7,(anonymous_6)
DA:11,2
DA:23,2
DA:29,2
DA:30,1
DA:34,1
DA:42,2
DA:44,2
DA:45,0
DA:49,0
DA:50,0
DA:53,0
DA:54,0
DA:56,0
DA:59,0
DA:67,2
DA:70,0
DA:72,0
DA:82,2
DA:83,1
DA:85,1
DA:92,2
DA:100,2
DA:104,7
DA:106,7
DA:107,3
DA:110,4
LF:26
LH:17
BRDA:53,0,0,0
BRDA:53,0,1,0
BRDA:101,1,0,3
BRDA:106,2,0,3
BRDA:106,2,1,4
BRF:5
BRH:3
end_of_record
TN:
SF:src/redux/characters/repository.ts
FN:11,(anonymous_0)
FNF:1
FNH:1
FNDA:1,(anonymous_0)
DA:11,3
DA:12,1
DA:13,1
LF:3
LH:3
BRDA:11,0,0,0
BRF:1
BRH:0
end_of_record
TN:
SF:src/redux/characters/sagas.ts
FN:6,requestCharacters
FNF:1
FNH:1
FNDA:1,requestCharacters
DA:9,1
DA:10,1
DA:13,1
DA:15,1
DA:16,1
DA:17,1
DA:19,1
DA:21,1
DA:30,0
LF:9
LH:8
BRDA:15,0,0,1
BRDA:15,0,1,0
BRDA:15,1,0,1
BRDA:15,1,1,1
BRDA:16,2,0,1
BRDA:16,2,1,0
BRDA:17,3,0,1
BRDA:17,3,1,0
BRF:8
BRH:5
end_of_record
TN:
SF:src/redux/characters/selectors.ts
FN:3,(anonymous_0)
FN:6,(anonymous_1)
FN:9,(anonymous_2)
FN:11,(anonymous_3)
FN:14,(anonymous_4)
FN:17,(anonymous_5)
FNF:6
FNH:5
FNDA:1,(anonymous_0)
FNDA:0,(anonymous_1)
FNDA:1,(anonymous_2)
FNDA:1,(anonymous_3)
FNDA:1,(anonymous_4)
FNDA:1,(anonymous_5)
DA:3,1
DA:4,1
DA:6,1
DA:7,0
DA:9,1
DA:11,1
DA:12,1
DA:14,1
DA:15,1
DA:17,1
LF:10
LH:9
BRF:0
BRH:0
end_of_record
TN:
SF:src/redux/characters/types.ts
FNF:0
FNH:0
LF:0
LH:0
BRF:0
BRH:0
end_of_record
