TN:
SF:src/api/index.ts
FNF:0
FNH:0
DA:3,2
LF:1
LH:1
BRF:0
BRH:0
end_of_record
TN:
SF:src/redux/characters/actions.ts
FN:4,(anonymous_0)
FN:8,(anonymous_1)
FN:12,(anonymous_2)
FN:18,(anonymous_3)
FNF:4
FNH:4
FNDA:4,(anonymous_0)
FNDA:3,(anonymous_1)
FNDA:4,(anonymous_2)
FNDA:3,(anonymous_3)
DA:3,3
DA:4,4
DA:8,3
DA:14,4
DA:26,3
LF:5
LH:5
BRDA:8,0,0,3
BRF:1
BRH:1
end_of_record
TN:
SF:src/redux/characters/index.ts
FNF:0
FNH:0
LF:0
LH:0
BRF:0
BRH:0
end_of_record
TN:
SF:src/redux/characters/reducer.ts
FN:19,(anonymous_0)
FN:25,(anonymous_1)
FN:38,(anonymous_2)
FN:53,(anonymous_3)
FN:70,(anonymous_4)
FNF:5
FNH:4
FNDA:1,(anonymous_0)
FNDA:1,(anonymous_1)
FNDA:0,(anonymous_2)
FNDA:1,(anonymous_3)
FNDA:4,(anonymous_4)
DA:10,1
DA:19,1
DA:25,1
DA:26,1
DA:30,1
DA:38,1
DA:41,0
DA:43,0
DA:53,1
DA:54,1
DA:56,1
DA:63,1
DA:70,1
DA:74,4
DA:76,4
DA:77,3
DA:80,1
LF:17
LH:15
BRDA:71,0,0,0
BRDA:76,1,0,3
BRDA:76,1,1,1
BRF:3
BRH:2
end_of_record
TN:
SF:src/redux/characters/repository.ts
FN:13,(anonymous_0)
FNF:1
FNH:1
FNDA:1,(anonymous_0)
DA:13,2
DA:14,1
DA:15,1
LF:3
LH:3
BRDA:13,0,0,0
BRF:1
BRH:0
end_of_record
TN:
SF:src/redux/characters/sagas.ts
FN:6,requestCharacters
FNF:1
FNH:1
FNDA:1,requestCharacters
DA:9,1
DA:10,1
DA:13,1
DA:15,1
DA:16,1
DA:17,1
DA:18,1
DA:19,1
DA:28,0
LF:9
LH:8
BRDA:15,0,0,1
BRDA:15,0,1,0
BRDA:15,1,0,1
BRDA:15,1,1,1
BRDA:16,2,0,1
BRDA:16,2,1,0
BRDA:17,3,0,1
BRDA:17,3,1,0
BRF:8
BRH:5
end_of_record
TN:
SF:src/redux/characters/selectors.ts
FN:3,(anonymous_0)
FN:6,(anonymous_1)
FN:8,(anonymous_2)
FN:11,(anonymous_3)
FN:14,(anonymous_4)
FNF:5
FNH:5
FNDA:1,(anonymous_0)
FNDA:1,(anonymous_1)
FNDA:1,(anonymous_2)
FNDA:1,(anonymous_3)
FNDA:1,(anonymous_4)
DA:3,1
DA:4,1
DA:6,1
DA:8,1
DA:9,1
DA:11,1
DA:12,1
DA:14,1
LF:8
LH:8
BRF:0
BRH:0
end_of_record
TN:
SF:src/redux/characters/types.ts
FNF:0
FNH:0
LF:0
LH:0
BRF:0
BRH:0
end_of_record
